<?xml version="1.0" encoding="UTF-8"?>
<!-- Generated by org.testng.reporters.JUnitReportReporter -->
<testsuite hostname="ELC-PG02H4PM" failures="0" tests="1" name="testRunners.Shipped" time="77.679" errors="0" timestamp="2025-06-05T16:24:07 IST" skipped="0">
  <testcase classname="testRunners.Shipped" name="runScenario" time="77.679"/>
</testsuite> <!-- testRunners.Shipped -->
