<?xml version="1.0" encoding="UTF-8"?>
<!-- Generated by org.testng.reporters.JUnitReportReporter -->
<testsuite hostname="ELC-PG02H4PM" failures="0" tests="1" name="testRunners.TestRunner_Invalid_OrderID" time="54.217" errors="0" timestamp="2025-06-05T16:24:07 IST" skipped="0">
  <testcase classname="testRunners.TestRunner_Invalid_OrderID" name="runScenario" time="54.217"/>
</testsuite> <!-- testRunners.TestRunner_Invalid_OrderID -->
