<?xml version="1.0" encoding="UTF-8"?>
<!-- Generated by org.testng.reporters.JUnitReportReporter -->
<testsuite hostname="ELC-PG02H4PM" failures="0" tests="1" name="testRunners.Cancelled" time="80.436" errors="0" timestamp="2025-06-05T16:24:07 IST" skipped="0">
  <testcase classname="testRunners.Cancelled" name="runScenario" time="80.436"/>
</testsuite> <!-- testRunners.Cancelled -->
