<?xml version="1.0" encoding="UTF-8"?>
<!-- Generated by org.testng.reporters.JUnitReportReporter -->
<testsuite hostname="ELC-PG02H4PM" failures="0" tests="1" name="testRunners.Shipped_RM" time="114.711" errors="0" timestamp="2025-06-05T16:24:07 IST" skipped="0">
  <testcase classname="testRunners.Shipped_RM" name="runScenario" time="114.711"/>
</testsuite> <!-- testRunners.Shipped_RM -->
