<?xml version="1.0" encoding="UTF-8"?>
<!-- Generated by org.testng.reporters.JUnitReportReporter -->
<testsuite hostname="ELC-PG02H4PM" failures="0" tests="1" name="testRunners.TestRunner_Invalid_Postalcode" time="55.105" errors="0" timestamp="2025-06-05T16:24:07 IST" skipped="0">
  <testcase classname="testRunners.TestRunner_Invalid_Postalcode" name="runScenario" time="55.105"/>
</testsuite> <!-- testRunners.TestRunner_Invalid_Postalcode -->
