<?xml version="1.0" encoding="UTF-8"?>
<!-- Generated by org.testng.reporters.JUnitReportReporter -->
<testsuite hostname="ELC-PG02H4PM" failures="0" tests="1" name="testRunners.In_warehouse" time="57.966" errors="0" timestamp="2025-06-05T16:24:07 IST" skipped="0">
  <testcase classname="testRunners.In_warehouse" name="runScenario" time="57.966"/>
</testsuite> <!-- testRunners.In_warehouse -->
